\BOOKMARK [0][-]{chapter*.1}{Preface}{}% 1
\BOOKMARK [0][-]{chapter.1}{Binary\040Representation\040of\040Positive\040Integers}{}% 2
\BOOKMARK [1][-]{section.1.1}{Reading}{chapter.1}% 3
\BOOKMARK [1][-]{section.1.2}{Questions}{chapter.1}% 4
\BOOKMARK [1][-]{section.1.3}{Handouts}{chapter.1}% 5
\BOOKMARK [0][-]{chapter.2}{Sets\040and\040Operations\040on\040them}{}% 6
\BOOKMARK [1][-]{section.2.1}{Reading}{chapter.2}% 7
\BOOKMARK [1][-]{section.2.2}{In-Class\040Questions}{chapter.2}% 8
\BOOKMARK [0][-]{chapter.3}{Sets,\040Sums\040&\040Products}{}% 9
\BOOKMARK [1][-]{section.3.1}{Reading}{chapter.3}% 10
\BOOKMARK [1][-]{section.3.2}{In-Class\040Questions}{chapter.3}% 11
\BOOKMARK [0][-]{chapter.4}{Counting:\040Product\040Rule\040and\040Permutations}{}% 12
\BOOKMARK [1][-]{section.4.1}{Reading}{chapter.4}% 13
\BOOKMARK [1][-]{section.4.2}{In-Class\040Questions}{chapter.4}% 14
\BOOKMARK [0][-]{chapter.5}{Partitions\040and\040Combinations}{}% 15
\BOOKMARK [1][-]{section.5.1}{Reading}{chapter.5}% 16
\BOOKMARK [1][-]{section.5.2}{In-Class\040Questions}{chapter.5}% 17
\BOOKMARK [1][-]{section.5.3}{Some\040Lattices}{chapter.5}% 18
\BOOKMARK [0][-]{chapter.6}{Logic:\040Propositions\040and\040Truth\040Tables}{}% 19
\BOOKMARK [1][-]{section.6.1}{Reading}{chapter.6}% 20
\BOOKMARK [1][-]{section.6.2}{In-Class\040Questions}{chapter.6}% 21
\BOOKMARK [0][-]{chapter.7}{Equivalence,\040Implication,\040and\040Laws\040of\040Logic}{}% 22
\BOOKMARK [1][-]{section.7.1}{Reading}{chapter.7}% 23
\BOOKMARK [1][-]{section.7.2}{In-Class\040Questions}{chapter.7}% 24
\BOOKMARK [1][-]{section.7.3}{The\040Sheffer\040Stroke}{chapter.7}% 25
\BOOKMARK [0][-]{chapter.8}{Structured\040Proofs}{}% 26
\BOOKMARK [1][-]{section.8.1}{Reading}{chapter.8}% 27
\BOOKMARK [1][-]{section.8.2}{In-Class\040Questions}{chapter.8}% 28
\BOOKMARK [1][-]{section.8.3}{Basic\040Logical\040Inferences}{chapter.8}% 29
\BOOKMARK [0][-]{chapter.9}{Mathematical\040Induction}{}% 30
\BOOKMARK [1][-]{section.9.1}{Reading}{chapter.9}% 31
\BOOKMARK [1][-]{section.9.2}{In-Class\040Questions}{chapter.9}% 32
\BOOKMARK [0][-]{chapter.10}{}{}% 33
\BOOKMARK [1][-]{section.10.1}{Quantifiers\040and\040Proofs}{chapter.10}% 34
\BOOKMARK [1][-]{section.10.2}{In-Class\040Questions}{chapter.10}% 35
\BOOKMARK [0][-]{section*.7}{Index}{}% 36
